{
  "numFailedTestSuites": 2,
  "numFailedTests": 3,
  "numPassedTestSuites": 2,
  "numPassedTests": 7,
  "numPendingTestSuites": 1,
  "numPendingTests": 5,
  "numRuntimeErrorTestSuites": 0,
  "numTodoTests": 0,
  "numTotalTestSuites": 5,
  "numTotalTests": 15,
  "openHandles": [],
  "snapshot": {
    "added": 0,
    "didUpdate": false,
    "failure": false,
    "filesAdded": 0,
    "filesRemoved": 0,
    "filesRemovedList": [],
    "filesUnmatched": 0,
    "filesUpdated": 0,
    "matched": 0,
    "total": 0,
    "unchecked": 0,
    "uncheckedKeysByFile": [],
    "unmatched": 0,
    "updated": 0
  },
  "startTime": 1625136898641,
  "success": false,
  "testResults": [
    {
      "leaks": false,
      "numFailingTests": 0,
      "numPassingTests": 0,
      "numPendingTests": 5,
      "numTodoTests": 0,
      "openHandles": [],
      "perfStats": {
        "end": 1625136905013,
        "runtime": 4246,
        "slow": false,
        "start": 1625136900767
      },
      "skipped": true,
      "snapshot": {
        "added": 0,
        "fileDeleted": false,
        "matched": 0,
        "unchecked": 0,
        "unmatched": 0,
        "updated": 0,
        "uncheckedKeys": []
      },
      "testFilePath": "C:\\Users\\pkbet\\OneDrive\\Desktop\\platform\\UI\\Tests\\BusChallenge.test.js",
      "testResults": [
        {
          "ancestorTitles": [
            "Bus challenge Tests",
            "Verifies the flow for Correct Answer"
          ],
          "duration": 1,
          "failureDetails": [],
          "failureMessages": [],
          "fullName": "Bus challenge Tests Verifies the flow for Correct Answer Verify user is created and navigated to CovidPage successfully ",
          "location": null,
          "numPassingAsserts": 0,
          "status": "pending",
          "title": "Verify user is created and navigated to CovidPage successfully "
        },
        {
          "ancestorTitles": [
            "Bus challenge Tests",
            "Verifies the flow for Correct Answer"
          ],
          "duration": 0,
          "failureDetails": [],
          "failureMessages": [],
          "fullName": "Bus challenge Tests Verifies the flow for Correct Answer Verify user answer is correct for Bus challenge",
          "location": null,
          "numPassingAsserts": 0,
          "status": "pending",
          "title": "Verify user answer is correct for Bus challenge"
        },
        {
          "ancestorTitles": [
            "Bus challenge Tests",
            "Verifies the flow for Correct Answer"
          ],
          "duration": 0,
          "failureDetails": [],
          "failureMessages": [],
          "fullName": "Bus challenge Tests Verifies the flow for Correct Answer Verify user is navigated to the leaderboard page to check score",
          "location": null,
          "numPassingAsserts": 0,
          "status": "pending",
          "title": "Verify user is navigated to the leaderboard page to check score"
        },
        {
          "ancestorTitles": [
            "Bus challenge Tests",
            "Verifies the flow for InCorrect Answer"
          ],
          "duration": 0,
          "failureDetails": [],
          "failureMessages": [],
          "fullName": "Bus challenge Tests Verifies the flow for InCorrect Answer Verify user is created successfully ",
          "location": null,
          "numPassingAsserts": 0,
          "status": "pending",
          "title": "Verify user is created successfully "
        },
        {
          "ancestorTitles": [
            "Bus challenge Tests",
            "Verifies the flow for InCorrect Answer"
          ],
          "duration": 0,
          "failureDetails": [],
          "failureMessages": [],
          "fullName": "Bus challenge Tests Verifies the flow for InCorrect Answer Verify user answer is incorrect for Bus challenge",
          "location": null,
          "numPassingAsserts": 0,
          "status": "pending",
          "title": "Verify user answer is incorrect for Bus challenge"
        }
      ],
      "failureMessage": null,
      "displayName": {
        "name": "browser: chromium",
        "color": "yellow"
      }
    },
    {
      "leaks": false,
      "numFailingTests": 0,
      "numPassingTests": 2,
      "numPendingTests": 0,
      "numTodoTests": 0,
      "openHandles": [],
      "perfStats": {
        "end": 1625136906707,
        "runtime": 5886,
        "slow": true,
        "start": 1625136900821
      },
      "skipped": false,
      "snapshot": {
        "added": 0,
        "fileDeleted": false,
        "matched": 0,
        "unchecked": 0,
        "unmatched": 0,
        "updated": 0,
        "uncheckedKeys": []
      },
      "testFilePath": "C:\\Users\\pkbet\\OneDrive\\Desktop\\platform\\API\\Tests\\GetUser.test.js",
      "testResults": [
        {
          "ancestorTitles": [
            "GET User Tests",
            "regression :\n TC-1 GET User: Valid Request"
          ],
          "duration": 3,
          "failureDetails": [],
          "failureMessages": [],
          "fullName": "GET User Tests regression :\n TC-1 GET User: Valid Request Verify statusCode",
          "location": null,
          "numPassingAsserts": 0,
          "status": "passed",
          "title": "Verify statusCode"
        },
        {
          "ancestorTitles": [
            "GET User Tests",
            "regression :\n TC-2 GET User: Invalid Request"
          ],
          "duration": 1,
          "failureDetails": [],
          "failureMessages": [],
          "fullName": "GET User Tests regression :\n TC-2 GET User: Invalid Request Verify statusCode",
          "location": null,
          "numPassingAsserts": 0,
          "status": "passed",
          "title": "Verify statusCode"
        }
      ],
      "failureMessage": null,
      "displayName": {
        "name": "browser: chromium",
        "color": "yellow"
      }
    },
    {
      "leaks": false,
      "numFailingTests": 0,
      "numPassingTests": 4,
      "numPendingTests": 0,
      "numTodoTests": 0,
      "openHandles": [],
      "perfStats": {
        "end": 1625136909017,
        "runtime": 8166,
        "slow": true,
        "start": 1625136900851
      },
      "skipped": false,
      "snapshot": {
        "added": 0,
        "fileDeleted": false,
        "matched": 0,
        "unchecked": 0,
        "unmatched": 0,
        "updated": 0,
        "uncheckedKeys": []
      },
      "testFilePath": "C:\\Users\\pkbet\\OneDrive\\Desktop\\platform\\API\\Tests\\PostUser.test.js",
      "testResults": [
        {
          "ancestorTitles": [
            "POST User Tests",
            "regression :\n TC-1 POST Order: Valid Request - ResourceOwner"
          ],
          "duration": 4,
          "failureDetails": [],
          "failureMessages": [],
          "fullName": "POST User Tests regression :\n TC-1 POST Order: Valid Request - ResourceOwner Verify statusCode",
          "location": null,
          "numPassingAsserts": 0,
          "status": "passed",
          "title": "Verify statusCode"
        },
        {
          "ancestorTitles": [
            "POST User Tests",
            "regression :\n TC-1 POST Order: Valid Request - ResourceOwner"
          ],
          "duration": 1,
          "failureDetails": [],
          "failureMessages": [],
          "fullName": "POST User Tests regression :\n TC-1 POST Order: Valid Request - ResourceOwner Verify status",
          "location": null,
          "numPassingAsserts": 0,
          "status": "passed",
          "title": "Verify status"
        },
        {
          "ancestorTitles": [
            "POST User Tests",
            "regression :\n TC-1 POST Order: Valid Request - ResourceOwner"
          ],
          "duration": 0,
          "failureDetails": [],
          "failureMessages": [],
          "fullName": "POST User Tests regression :\n TC-1 POST Order: Valid Request - ResourceOwner Verify message",
          "location": null,
          "numPassingAsserts": 0,
          "status": "passed",
          "title": "Verify message"
        },
        {
          "ancestorTitles": [
            "POST User Tests",
            "regression :\n TC-2 POST User: Invalid Request"
          ],
          "duration": 0,
          "failureDetails": [],
          "failureMessages": [],
          "fullName": "POST User Tests regression :\n TC-2 POST User: Invalid Request Verify statusCode",
          "location": null,
          "numPassingAsserts": 0,
          "status": "passed",
          "title": "Verify statusCode"
        }
      ],
      "failureMessage": null,
      "displayName": {
        "name": "browser: chromium",
        "color": "yellow"
      }
    },
    {
      "leaks": false,
      "numFailingTests": 1,
      "numPassingTests": 1,
      "numPendingTests": 0,
      "numTodoTests": 0,
      "openHandles": [],
      "perfStats": {
        "end": 1625136910549,
        "runtime": 9840,
        "slow": true,
        "start": 1625136900709
      },
      "skipped": false,
      "snapshot": {
        "added": 0,
        "fileDeleted": false,
        "matched": 0,
        "unchecked": 0,
        "unmatched": 0,
        "updated": 0,
        "uncheckedKeys": []
      },
      "testFilePath": "C:\\Users\\pkbet\\OneDrive\\Desktop\\platform\\API\\Tests\\PutUser.test.js",
      "testResults": [
        {
          "ancestorTitles": [
            "PUT User Tests",
            "regression :\n TC-1 PUT User: Valid Request"
          ],
          "duration": 3,
          "failureDetails": [],
          "failureMessages": [],
          "fullName": "PUT User Tests regression :\n TC-1 PUT User: Valid Request Verify statusCode",
          "location": null,
          "numPassingAsserts": 0,
          "status": "passed",
          "title": "Verify statusCode"
        },
        {
          "ancestorTitles": [
            "PUT User Tests",
            "regression :\n TC-2 PUT User: Invalid Request"
          ],
          "duration": 1,
          "failureDetails": [
            {
              "actual": "",
              "error": "\u001b[2mexpect(\u001b[22m\u001b[31mreceived\u001b[39m\u001b[2m).\u001b[22mtoEqual\u001b[2m(\u001b[22m\u001b[32mexpected\u001b[39m\u001b[2m) // deep equality\u001b[22m\n\nExpected: \u001b[32m400\u001b[39m\nReceived: \u001b[31m503\u001b[39m",
              "expected": "",
              "matcherName": "",
              "message": "\u001b[2mexpect(\u001b[22m\u001b[31mreceived\u001b[39m\u001b[2m).\u001b[22mtoEqual\u001b[2m(\u001b[22m\u001b[32mexpected\u001b[39m\u001b[2m) // deep equality\u001b[22m\n\nExpected: \u001b[32m400\u001b[39m\nReceived: \u001b[31m503\u001b[39m",
              "passed": false,
              "stack": "\u001b[2mexpect(\u001b[22m\u001b[31mreceived\u001b[39m\u001b[2m).\u001b[22mtoEqual\u001b[2m(\u001b[22m\u001b[32mexpected\u001b[39m\u001b[2m) // deep equality\u001b[22m\n\nExpected: \u001b[32m400\u001b[39m\nReceived: \u001b[31m503\u001b[39m"
            }
          ],
          "failureMessages": [
            "\u001b[2mexpect(\u001b[22m\u001b[31mreceived\u001b[39m\u001b[2m).\u001b[22mtoEqual\u001b[2m(\u001b[22m\u001b[32mexpected\u001b[39m\u001b[2m) // deep equality\u001b[22m\n\nExpected: \u001b[32m400\u001b[39m\nReceived: \u001b[31m503\u001b[39m"
          ],
          "fullName": "PUT User Tests regression :\n TC-2 PUT User: Invalid Request Verify statusCode",
          "location": null,
          "numPassingAsserts": 0,
          "status": "failed",
          "title": "Verify statusCode"
        }
      ],
      "failureMessage": "\u001b[1m\u001b[31m  \u001b[1m● \u001b[22m\u001b[1mPUT User Tests › regression :\u001b[39m\u001b[22m\n\u001b[1m\u001b[31m TC-2 PUT User: Invalid Request › Verify statusCode\u001b[39m\u001b[22m\n\n    \u001b[2mexpect(\u001b[22m\u001b[31mreceived\u001b[39m\u001b[2m).\u001b[22mtoEqual\u001b[2m(\u001b[22m\u001b[32mexpected\u001b[39m\u001b[2m) // deep equality\u001b[22m\n\u001b[2m\u001b[22m\n\u001b[2m      Expected: \u001b[32m400\u001b[39m\u001b[22m\n\u001b[2m      Received: \u001b[31m503\u001b[39m\u001b[22m\n",
      "displayName": {
        "name": "browser: chromium",
        "color": "yellow"
      }
    },
    {
      "leaks": false,
      "numFailingTests": 2,
      "numPassingTests": 0,
      "numPendingTests": 0,
      "numTodoTests": 0,
      "openHandles": [],
      "perfStats": {
        "end": 1625136911423,
        "runtime": 10707,
        "slow": true,
        "start": 1625136900716
      },
      "skipped": false,
      "snapshot": {
        "added": 0,
        "fileDeleted": false,
        "matched": 0,
        "unchecked": 0,
        "unmatched": 0,
        "updated": 0,
        "uncheckedKeys": []
      },
      "testFilePath": "C:\\Users\\pkbet\\OneDrive\\Desktop\\platform\\API\\Tests\\DeleteUser.test.js",
      "testResults": [
        {
          "ancestorTitles": [
            "DELETE User Tests",
            "regression :\n TC-1 DELETE User: Valid Request"
          ],
          "duration": 3,
          "failureDetails": [
            {
              "actual": "",
              "error": "\u001b[2mexpect(\u001b[22m\u001b[31mreceived\u001b[39m\u001b[2m).\u001b[22mtoEqual\u001b[2m(\u001b[22m\u001b[32mexpected\u001b[39m\u001b[2m) // deep equality\u001b[22m\n\nExpected: \u001b[32m204\u001b[39m\nReceived: \u001b[31m404\u001b[39m",
              "expected": "",
              "matcherName": "",
              "message": "\u001b[2mexpect(\u001b[22m\u001b[31mreceived\u001b[39m\u001b[2m).\u001b[22mtoEqual\u001b[2m(\u001b[22m\u001b[32mexpected\u001b[39m\u001b[2m) // deep equality\u001b[22m\n\nExpected: \u001b[32m204\u001b[39m\nReceived: \u001b[31m404\u001b[39m",
              "passed": false,
              "stack": "\u001b[2mexpect(\u001b[22m\u001b[31mreceived\u001b[39m\u001b[2m).\u001b[22mtoEqual\u001b[2m(\u001b[22m\u001b[32mexpected\u001b[39m\u001b[2m) // deep equality\u001b[22m\n\nExpected: \u001b[32m204\u001b[39m\nReceived: \u001b[31m404\u001b[39m"
            }
          ],
          "failureMessages": [
            "\u001b[2mexpect(\u001b[22m\u001b[31mreceived\u001b[39m\u001b[2m).\u001b[22mtoEqual\u001b[2m(\u001b[22m\u001b[32mexpected\u001b[39m\u001b[2m) // deep equality\u001b[22m\n\nExpected: \u001b[32m204\u001b[39m\nReceived: \u001b[31m404\u001b[39m"
          ],
          "fullName": "DELETE User Tests regression :\n TC-1 DELETE User: Valid Request Verify statusCode",
          "location": null,
          "numPassingAsserts": 0,
          "status": "failed",
          "title": "Verify statusCode"
        },
        {
          "ancestorTitles": [
            "DELETE User Tests",
            "regression :\n TC-2 DELETE User: Invalid Request"
          ],
          "duration": 0,
          "failureDetails": [
            {
              "actual": "",
              "error": "\u001b[2mexpect(\u001b[22m\u001b[31mreceived\u001b[39m\u001b[2m).\u001b[22mtoEqual\u001b[2m(\u001b[22m\u001b[32mexpected\u001b[39m\u001b[2m) // deep equality\u001b[22m\n\nExpected: \u001b[32m400\u001b[39m\nReceived: \u001b[31m503\u001b[39m",
              "expected": "",
              "matcherName": "",
              "message": "\u001b[2mexpect(\u001b[22m\u001b[31mreceived\u001b[39m\u001b[2m).\u001b[22mtoEqual\u001b[2m(\u001b[22m\u001b[32mexpected\u001b[39m\u001b[2m) // deep equality\u001b[22m\n\nExpected: \u001b[32m400\u001b[39m\nReceived: \u001b[31m503\u001b[39m",
              "passed": false,
              "stack": "\u001b[2mexpect(\u001b[22m\u001b[31mreceived\u001b[39m\u001b[2m).\u001b[22mtoEqual\u001b[2m(\u001b[22m\u001b[32mexpected\u001b[39m\u001b[2m) // deep equality\u001b[22m\n\nExpected: \u001b[32m400\u001b[39m\nReceived: \u001b[31m503\u001b[39m"
            }
          ],
          "failureMessages": [
            "\u001b[2mexpect(\u001b[22m\u001b[31mreceived\u001b[39m\u001b[2m).\u001b[22mtoEqual\u001b[2m(\u001b[22m\u001b[32mexpected\u001b[39m\u001b[2m) // deep equality\u001b[22m\n\nExpected: \u001b[32m400\u001b[39m\nReceived: \u001b[31m503\u001b[39m"
          ],
          "fullName": "DELETE User Tests regression :\n TC-2 DELETE User: Invalid Request Verify statusCode",
          "location": null,
          "numPassingAsserts": 0,
          "status": "failed",
          "title": "Verify statusCode"
        }
      ],
      "failureMessage": "\u001b[1m\u001b[31m  \u001b[1m● \u001b[22m\u001b[1mDELETE User Tests › regression :\u001b[39m\u001b[22m\n\u001b[1m\u001b[31m TC-1 DELETE User: Valid Request › Verify statusCode\u001b[39m\u001b[22m\n\n    \u001b[2mexpect(\u001b[22m\u001b[31mreceived\u001b[39m\u001b[2m).\u001b[22mtoEqual\u001b[2m(\u001b[22m\u001b[32mexpected\u001b[39m\u001b[2m) // deep equality\u001b[22m\n\u001b[2m\u001b[22m\n\u001b[2m      Expected: \u001b[32m204\u001b[39m\u001b[22m\n\u001b[2m      Received: \u001b[31m404\u001b[39m\u001b[22m\n\n\u001b[1m\u001b[31m  \u001b[1m● \u001b[22m\u001b[1mDELETE User Tests › regression :\u001b[39m\u001b[22m\n\u001b[1m\u001b[31m TC-2 DELETE User: Invalid Request › Verify statusCode\u001b[39m\u001b[22m\n\n    \u001b[2mexpect(\u001b[22m\u001b[31mreceived\u001b[39m\u001b[2m).\u001b[22mtoEqual\u001b[2m(\u001b[22m\u001b[32mexpected\u001b[39m\u001b[2m) // deep equality\u001b[22m\n\u001b[2m\u001b[22m\n\u001b[2m      Expected: \u001b[32m400\u001b[39m\u001b[22m\n\u001b[2m      Received: \u001b[31m503\u001b[39m\u001b[22m\n",
      "displayName": {
        "name": "browser: chromium",
        "color": "yellow"
      }
    }
  ],
  "wasInterrupted": false
}